<?xml version="1.0" encoding="UTF-8"?>
<!-- Generated by org.testng.reporters.JUnitReportReporter -->
<testsuite hostname="DESKTOP-IAAVLR2" failures="0" tests="1" name="Test.Test_Stemex_listing2" time="45.775" errors="0" timestamp="2022-07-13T08:59:06 PKT" skipped="0">
  <testcase classname="Test.Test_Stemex_listing2" name="lo_Test" time="45.775"/>
  <system-out/>
</testsuite> <!-- Test.Test_Stemex_listing2 -->
