<?xml version="1.0" encoding="UTF-8"?>
<!-- Generated by org.testng.reporters.JUnitReportReporter -->
<testsuite hostname="DESKTOP-I50HTAN" failures="0" tests="2" name="Test.Test_Stemex_Application_Creation_forms_invisbilty_test" time="65.839" errors="0" timestamp="2022-09-30T08:54:59 PKT" skipped="0">
  <testcase classname="Test.Test_Stemex_Application_Creation_forms_invisbilty_test" name="App_Create_Test_forms_Single_Section" time="60.780"/>
  <system-out/>
  <testcase classname="Test.Test_Stemex_Application_Creation_forms_invisbilty_test" name="Form__test_using_conditional_in_form_Section_to_invisiblity" time="5.059"/>
  <system-out/>
</testsuite> <!-- Test.Test_Stemex_Application_Creation_forms_invisbilty_test -->
