<?xml version="1.0" encoding="UTF-8"?>
<!-- Generated by org.testng.reporters.JUnitReportReporter -->
<testsuite hostname="DESKTOP-I50HTAN" failures="0" tests="2" name="Test.Test_Log_In_Stemex" time="32.122" errors="0" timestamp="2022-09-29T12:33:07 PKT" skipped="0">
  <testcase classname="Test.Test_Log_In_Stemex" name="Test_Stemex_Log_In_with_wrong_credentials" time="8.991"/>
  <system-out/>
  <testcase classname="Test.Test_Log_In_Stemex" name="Test_Stemex_Log_In" time="23.131"/>
  <system-out/>
</testsuite> <!-- Test.Test_Log_In_Stemex -->
