<?xml version="1.0" encoding="UTF-8"?>
<!-- Generated by org.testng.reporters.JUnitReportReporter -->
<testsuite hostname="DESKTOP-I50HTAN" failures="0" tests="2" name="Test.Test_Stemex_Application_Creation_forms_invisbilty_test_3" time="70.128" errors="0" timestamp="2022-09-28T18:04:28 PKT" skipped="0">
  <testcase classname="Test.Test_Stemex_Application_Creation_forms_invisbilty_test_3" name="App_Create_Test_forms_Single_Section" time="65.048"/>
  <system-out/>
  <testcase classname="Test.Test_Stemex_Application_Creation_forms_invisbilty_test_3" name="Form__test_using_conditional_in_form_Section_to_invisiblity" time="5.080"/>
  <system-out/>
</testsuite> <!-- Test.Test_Stemex_Application_Creation_forms_invisbilty_test_3 -->
