<?xml version="1.0" encoding="UTF-8"?>
<!-- Generated by org.testng.reporters.JUnitReportReporter -->
<testsuite hostname="DESKTOP-I50HTAN" failures="0" tests="12" name="Test.Test_Stemex_Application_Creation_forms_submit_test2" time="484.357" errors="0" timestamp="2022-10-12T09:54:20 PKT" skipped="1">
  <testcase classname="Test.Test_Stemex_Application_Creation_forms_submit_test2" name="App_Create_Test_forms_Single_Section" time="71.459"/>
  <system-out/>
  <testcase classname="Test.Test_Stemex_Application_Creation_forms_submit_test2" name="App_date_fill_fields" time="4.847"/>
  <system-out/>
  <testcase classname="Test.Test_Stemex_Application_Creation_forms_submit_test2" name="App_short_text_sending_data_in_all_fields" time="1.092"/>
  <system-out/>
  <testcase classname="Test.Test_Stemex_Application_Creation_forms_submit_test2" name="App_email_text_sending_data_in_all_fields" time="0.629"/>
  <system-out/>
  <testcase classname="Test.Test_Stemex_Application_Creation_forms_submit_test2" name="App_Long_text_sending_data_in_all_fields" time="0.352"/>
  <system-out/>
  <testcase classname="Test.Test_Stemex_Application_Creation_forms_submit_test2" name="App_Long_text_sending_data_in_all_random_number_fields" time="0.138"/>
  <system-out/>
  <testcase classname="Test.Test_Stemex_Application_Creation_forms_submit_test2" name="App_Phone_number_sending_data_in_all_random_number_fields" time="0.435"/>
  <system-out/>
  <testcase classname="Test.Test_Stemex_Application_Creation_forms_submit_test2" name="App_Money_sending_into_fields" time="0.171"/>
  <system-out/>
  <testcase classname="Test.Test_Stemex_Application_Creation_forms_submit_test2" name="App_link_sending_into_fields" time="0.252"/>
  <system-out/>
  <testcase classname="Test.Test_Stemex_Application_Creation_forms_submit_test2" name="App_date_time" time="404.979"/>
  <system-out/>
  <testcase classname="Test.Test_Stemex_Application_Creation_forms_submit_test2" name="App_Test_Rating" time="0.003"/>
  <system-out/>
  <testcase classname="Test.Test_Stemex_Application_Creation_forms_submit_test2" name="App_price_sending_into_fields">
    <skipped/>
  </testcase> <!-- App_price_sending_into_fields -->
  <system-out/>
</testsuite> <!-- Test.Test_Stemex_Application_Creation_forms_submit_test2 -->
