<?xml version="1.0" encoding="UTF-8"?>
<!-- Generated by org.testng.reporters.JUnitReportReporter -->
<testsuite hostname="DESKTOP-I50HTAN" failures="0" tests="2" name="Test.Test_Stemex_Application_Creation_with_stage_rejected" time="57.360" errors="0" timestamp="2022-09-27T10:21:45 PKT" skipped="0">
  <testcase classname="Test.Test_Stemex_Application_Creation_with_stage_rejected" name="App_Create_stage_Test" time="49.241"/>
  <system-out/>
  <testcase classname="Test.Test_Stemex_Application_Creation_with_stage_rejected" name="App_Create_verify_stage1_rejected" time="8.119"/>
  <system-out/>
</testsuite> <!-- Test.Test_Stemex_Application_Creation_with_stage_rejected -->
