<?xml version="1.0" encoding="UTF-8"?>
<!-- Generated by org.testng.reporters.JUnitReportReporter -->
<testsuite hostname="DESKTOP-IAAVLR2" failures="0" tests="1" name="Test.Test_Log_In_Stemex_listing" time="9.698" errors="0" timestamp="2022-07-13T08:59:06 PKT" skipped="0">
  <testcase classname="Test.Test_Log_In_Stemex_listing" name="Test_Stemex" time="9.698"/>
  <system-out/>
</testsuite> <!-- Test.Test_Log_In_Stemex_listing -->
