<?xml version="1.0" encoding="UTF-8"?>
<!-- Generated by org.testng.reporters.JUnitReportReporter -->
<testsuite hostname="DESKTOP-I50HTAN" failures="0" tests="13" name="Test.Test_Stemex_Application_Creation_forms_validation_test" time="7141.482" errors="0" timestamp="2022-10-12T11:48:08 PKT" skipped="0">
  <testcase classname="Test.Test_Stemex_Application_Creation_forms_validation_test" name="App_Create_Test_forms_Single_Section" time="74.858"/>
  <system-out/>
  <testcase classname="Test.Test_Stemex_Application_Creation_forms_validation_test" name="App_short_text_validation_test_min_length" time="2.307"/>
  <system-out/>
  <testcase classname="Test.Test_Stemex_Application_Creation_forms_validation_test" name="Email_Test_Validation" time="0.858"/>
  <system-out/>
  <testcase classname="Test.Test_Stemex_Application_Creation_forms_validation_test" name="read_only_field_test_Single_Section" time="0.014"/>
  <system-out/>
  <testcase classname="Test.Test_Stemex_Application_Creation_forms_validation_test" name="calendar_today_date_test_Single_Section" time="1.113"/>
  <system-out/>
  <testcase classname="Test.Test_Stemex_Application_Creation_forms_validation_test" name="default_date_test_Single_Section" time="8.121"/>
  <system-out/>
  <testcase classname="Test.Test_Stemex_Application_Creation_forms_validation_test" name="Hint_Icon_test_Single_Section" time="0.040"/>
  <system-out/>
  <testcase classname="Test.Test_Stemex_Application_Creation_forms_validation_test" name="Min_Max_Test_Single_Section" time="1.220"/>
  <system-out/>
  <testcase classname="Test.Test_Stemex_Application_Creation_forms_validation_test" name="Phone_number_Test_Single_Section" time="0.165"/>
  <system-out/>
  <testcase classname="Test.Test_Stemex_Application_Creation_forms_validation_test" name="attachment_Test_Single_Section" time="19.246"/>
  <system-out/>
  <testcase classname="Test.Test_Stemex_Application_Creation_forms_validation_test" name="Image_attachment_Test_Single_Section" time="27.366"/>
  <system-out/>
  <testcase classname="Test.Test_Stemex_Application_Creation_forms_validation_test" name="Rating_Test_Single_Section" time="3.078"/>
  <system-out/>
  <testcase classname="Test.Test_Stemex_Application_Creation_forms_validation_test" name="Currency_Test_Single_Section" time="7003.096"/>
  <system-out/>
</testsuite> <!-- Test.Test_Stemex_Application_Creation_forms_validation_test -->
