<?xml version="1.0" encoding="UTF-8"?>
<!-- Generated by org.testng.reporters.JUnitReportReporter -->
<testsuite hostname="DESKTOP-I50HTAN" failures="0" tests="1" name="Test.Test_Stemex_Application_Creation" time="53.767" errors="0" timestamp="2022-09-27T10:21:45 PKT" skipped="0">
  <testcase classname="Test.Test_Stemex_Application_Creation" name="App_Create_Test" time="53.767"/>
  <system-out/>
</testsuite> <!-- Test.Test_Stemex_Application_Creation -->
