<?xml version="1.0" encoding="UTF-8"?>
<!-- Generated by org.testng.reporters.JUnitReportReporter -->
<testsuite hostname="DESKTOP-I50HTAN" failures="0" tests="17" name="Test.Test_Stemex_Application_Creation_forms_submit_test2" time="148.652" errors="0" timestamp="2022-10-13T21:37:44 PKT" skipped="1">
  <testcase classname="Test.Test_Stemex_Application_Creation_forms_submit_test2" name="App_Create_Test_forms_Single_Section" time="66.284"/>
  <system-out/>
  <testcase classname="Test.Test_Stemex_Application_Creation_forms_submit_test2" name="App_Test_Add_Multi_Sections" time="10.979"/>
  <system-out/>
  <testcase classname="Test.Test_Stemex_Application_Creation_forms_submit_test2" name="App_date_fill_fields" time="1.365"/>
  <system-out/>
  <testcase classname="Test.Test_Stemex_Application_Creation_forms_submit_test2" name="App_short_text_sending_data_in_all_fields" time="2.828"/>
  <system-out/>
  <testcase classname="Test.Test_Stemex_Application_Creation_forms_submit_test2" name="App_email_text_sending_data_in_all_fields" time="2.089"/>
  <system-out/>
  <testcase classname="Test.Test_Stemex_Application_Creation_forms_submit_test2" name="App_Long_text_sending_data_in_all_fields" time="0.590"/>
  <system-out/>
  <testcase classname="Test.Test_Stemex_Application_Creation_forms_submit_test2" name="App_Long_text_sending_data_in_all_random_number_fields" time="0.198"/>
  <system-out/>
  <testcase classname="Test.Test_Stemex_Application_Creation_forms_submit_test2" name="App_Phone_number_sending_data_in_all_random_number_fields" time="0.745"/>
  <system-out/>
  <testcase classname="Test.Test_Stemex_Application_Creation_forms_submit_test2" name="App_Money_sending_into_fields" time="0.461"/>
  <system-out/>
  <testcase classname="Test.Test_Stemex_Application_Creation_forms_submit_test2" name="App_link_sending_into_fields" time="0.479"/>
  <system-out/>
  <testcase classname="Test.Test_Stemex_Application_Creation_forms_submit_test2" name="App_date_time" time="1.299"/>
  <system-out/>
  <testcase classname="Test.Test_Stemex_Application_Creation_forms_submit_test2" name="App_Test_Rating" time="0.004"/>
  <system-out/>
  <testcase classname="Test.Test_Stemex_Application_Creation_forms_submit_test2" name="App_Test_Look_Fields" time="0.547"/>
  <system-out/>
  <testcase classname="Test.Test_Stemex_Application_Creation_forms_submit_test2" name="App_Test_Attachment_uploads" time="14.231"/>
  <system-out/>
  <testcase classname="Test.Test_Stemex_Application_Creation_forms_submit_test2" name="App_Test_Image_uploads" time="14.221"/>
  <system-out/>
  <testcase classname="Test.Test_Stemex_Application_Creation_forms_submit_test2" name="App_Test_Gallery_uploads" time="32.332"/>
  <system-out/>
  <testcase classname="Test.Test_Stemex_Application_Creation_forms_submit_test2" name="App_price_sending_into_fields">
    <skipped/>
  </testcase> <!-- App_price_sending_into_fields -->
  <system-out/>
</testsuite> <!-- Test.Test_Stemex_Application_Creation_forms_submit_test2 -->
