<?xml version="1.0" encoding="UTF-8"?>
<!-- Generated by org.testng.reporters.JUnitReportReporter -->
<testsuite hostname="DESKTOP-IAAVLR2" failures="0" tests="1" name="Utility.new_data" time="0.009" errors="0" timestamp="2022-07-07T16:25:40 PKT" skipped="0">
  <testcase classname="Utility.new_data" name="test_data" time="0.009"/>
  <system-out/>
</testsuite> <!-- Utility.new_data -->
