<?xml version="1.0" encoding="UTF-8"?>
<!-- Generated by org.testng.reporters.JUnitReportReporter -->
<testsuite hostname="DESKTOP-I50HTAN" failures="0" tests="8" name="Test.Test_Stemex_Application_Creation_forms_test" time="168.491" errors="0" timestamp="2022-09-29T11:04:01 PKT" skipped="0">
  <testcase classname="Test.Test_Stemex_Application_Creation_forms_test" name="App_Create_Test_forms_Single_Section" time="104.504"/>
  <system-out/>
  <testcase classname="Test.Test_Stemex_Application_Creation_forms_test" name="App_short_text_legth_test_Single_Section" time="14.275"/>
  <system-out/>
  <testcase classname="Test.Test_Stemex_Application_Creation_forms_test" name="required_field_test_Single_Section" time="8.112"/>
  <system-out/>
  <testcase classname="Test.Test_Stemex_Application_Creation_forms_test" name="read_only_field_test_Single_Section" time="0.011"/>
  <system-out/>
  <testcase classname="Test.Test_Stemex_Application_Creation_forms_test" name="calendar_today_date_test_Single_Section" time="9.134"/>
  <system-out/>
  <testcase classname="Test.Test_Stemex_Application_Creation_forms_test" name="default_date_test_Single_Section" time="8.114"/>
  <system-out/>
  <testcase classname="Test.Test_Stemex_Application_Creation_forms_test" name="Hint_Icon_test_Single_Section" time="8.118"/>
  <system-out/>
  <testcase classname="Test.Test_Stemex_Application_Creation_forms_test" name="Min_Max_Test_Single_Section" time="16.223"/>
  <system-out/>
</testsuite> <!-- Test.Test_Stemex_Application_Creation_forms_test -->
