<?xml version="1.0" encoding="UTF-8"?>
<!-- Generated by org.testng.reporters.JUnitReportReporter -->
<testsuite hostname="DESKTOP-I50HTAN" failures="0" tests="12" name="Test.Test_Stemex_Application_Creation_forms_submit_test2" time="83.493" errors="0" timestamp="2022-10-12T09:36:15 PKT" skipped="1">
  <testcase classname="Test.Test_Stemex_Application_Creation_forms_submit_test2" name="App_Create_Test_forms_Single_Section" time="76.621"/>
  <system-out/>
  <testcase classname="Test.Test_Stemex_Application_Creation_forms_submit_test2" name="App_date_fill_fields" time="2.267"/>
  <system-out/>
  <testcase classname="Test.Test_Stemex_Application_Creation_forms_submit_test2" name="App_short_text_sending_data_in_all_fields" time="1.134"/>
  <system-out/>
  <testcase classname="Test.Test_Stemex_Application_Creation_forms_submit_test2" name="App_email_text_sending_data_in_all_fields" time="0.537"/>
  <system-out/>
  <testcase classname="Test.Test_Stemex_Application_Creation_forms_submit_test2" name="App_Long_text_sending_data_in_all_fields" time="0.321"/>
  <system-out/>
  <testcase classname="Test.Test_Stemex_Application_Creation_forms_submit_test2" name="App_Long_text_sending_data_in_all_random_number_fields" time="0.122"/>
  <system-out/>
  <testcase classname="Test.Test_Stemex_Application_Creation_forms_submit_test2" name="App_Phone_number_sending_data_in_all_random_number_fields" time="0.408"/>
  <system-out/>
  <testcase classname="Test.Test_Stemex_Application_Creation_forms_submit_test2" name="App_Money_sending_into_fields" time="0.170"/>
  <system-out/>
  <testcase classname="Test.Test_Stemex_Application_Creation_forms_submit_test2" name="App_link_sending_into_fields" time="0.257"/>
  <system-out/>
  <testcase classname="Test.Test_Stemex_Application_Creation_forms_submit_test2" name="App_Test_Rating" time="0.004"/>
  <system-out/>
  <testcase classname="Test.Test_Stemex_Application_Creation_forms_submit_test2" name="App_date_time" time="1.652"/>
  <system-out/>
  <testcase classname="Test.Test_Stemex_Application_Creation_forms_submit_test2" name="App_price_sending_into_fields">
    <skipped/>
  </testcase> <!-- App_price_sending_into_fields -->
  <system-out/>
</testsuite> <!-- Test.Test_Stemex_Application_Creation_forms_submit_test2 -->
