<?xml version="1.0" encoding="UTF-8"?>
<!-- Generated by org.testng.reporters.JUnitReportReporter -->
<testsuite hostname="DESKTOP-I50HTAN" failures="0" tests="3" name="Test.Test_Stemex_Application_Creation_with_stage_verification" time="144.146" errors="0" timestamp="2022-10-26T08:44:34 PKT" skipped="0">
  <testcase classname="Test.Test_Stemex_Application_Creation_with_stage_verification" name="App_Create_stage_Test" time="131.806"/>
  <system-out/>
  <testcase classname="Test.Test_Stemex_Application_Creation_with_stage_verification" name="App_Create_verify_stage1" time="4.161"/>
  <system-out/>
  <testcase classname="Test.Test_Stemex_Application_Creation_with_stage_verification" name="App_Create_verify_stage2" time="8.179"/>
  <system-out/>
</testsuite> <!-- Test.Test_Stemex_Application_Creation_with_stage_verification -->
