<?xml version="1.0" encoding="UTF-8"?>
<!-- Generated by org.testng.reporters.JUnitReportReporter -->
<testsuite hostname="DESKTOP-I50HTAN" failures="0" tests="1" name="Test.Test_Stemex_Application_Creation" time="70.817" errors="0" timestamp="2022-10-07T13:55:08 PKT" skipped="0">
  <testcase classname="Test.Test_Stemex_Application_Creation" name="App_Create_Test" time="70.817"/>
  <system-out/>
</testsuite> <!-- Test.Test_Stemex_Application_Creation -->
