<?xml version="1.0" encoding="UTF-8"?>
<!-- Generated by org.testng.reporters.JUnitReportReporter -->
<testsuite hostname="DESKTOP-I50HTAN" failures="0" tests="2" name="Test.Test_Stemex_Application_Creation_with_stage2_rejected2" time="67.936" errors="0" timestamp="2022-09-27T10:21:45 PKT" skipped="0">
  <testcase classname="Test.Test_Stemex_Application_Creation_with_stage2_rejected2" name="App_Create_stage_Test" time="56.819"/>
  <system-out/>
  <testcase classname="Test.Test_Stemex_Application_Creation_with_stage2_rejected2" name="App_Create_verify_stage2_rejected" time="11.117"/>
  <system-out/>
</testsuite> <!-- Test.Test_Stemex_Application_Creation_with_stage2_rejected2 -->
