<?xml version="1.0" encoding="UTF-8"?>
<!-- Generated by org.testng.reporters.JUnitReportReporter -->
<testsuite hostname="DESKTOP-I50HTAN" failures="0" tests="13" name="Test.Test_Stemex_Application_Creation_forms_test" time="161.105" errors="0" timestamp="2022-10-10T09:09:13 PKT" skipped="0">
  <testcase classname="Test.Test_Stemex_Application_Creation_forms_test" name="App_Create_Test_forms_Single_Section" time="63.786"/>
  <system-out/>
  <testcase classname="Test.Test_Stemex_Application_Creation_forms_test" name="App_short_text_legth_test_Single_Section" time="2.075"/>
  <system-out/>
  <testcase classname="Test.Test_Stemex_Application_Creation_forms_test" name="required_field_test_Single_Section" time="0.206"/>
  <system-out/>
  <testcase classname="Test.Test_Stemex_Application_Creation_forms_test" name="read_only_field_test_Single_Section" time="0.030"/>
  <system-out/>
  <testcase classname="Test.Test_Stemex_Application_Creation_forms_test" name="calendar_today_date_test_Single_Section" time="9.181"/>
  <system-out/>
  <testcase classname="Test.Test_Stemex_Application_Creation_forms_test" name="default_date_test_Single_Section" time="8.157"/>
  <system-out/>
  <testcase classname="Test.Test_Stemex_Application_Creation_forms_test" name="Hint_Icon_test_Single_Section" time="0.038"/>
  <system-out/>
  <testcase classname="Test.Test_Stemex_Application_Creation_forms_test" name="Min_Max_Test_Single_Section" time="8.327"/>
  <system-out/>
  <testcase classname="Test.Test_Stemex_Application_Creation_forms_test" name="Phone_number_Test_Single_Section" time="0.163"/>
  <system-out/>
  <testcase classname="Test.Test_Stemex_Application_Creation_forms_test" name="attachment_Test_Single_Section" time="19.289"/>
  <system-out/>
  <testcase classname="Test.Test_Stemex_Application_Creation_forms_test" name="Image_attachment_Test_Single_Section" time="27.490"/>
  <system-out/>
  <testcase classname="Test.Test_Stemex_Application_Creation_forms_test" name="Rating_Test_Single_Section" time="19.273"/>
  <system-out/>
  <testcase classname="Test.Test_Stemex_Application_Creation_forms_test" name="Currency_Test_Single_Section" time="3.090"/>
  <system-out/>
</testsuite> <!-- Test.Test_Stemex_Application_Creation_forms_test -->
