<?xml version="1.0" encoding="UTF-8"?>
<!-- Generated by org.testng.reporters.JUnitReportReporter -->
<testsuite hostname="DESKTOP-SSG82HP" failures="0" tests="1" name="Test.Test_Nokia_filter" time="6.585" errors="0" timestamp="2022-02-24T18:25:28 PKT" skipped="0">
  <testcase classname="Test.Test_Nokia_filter" name="login_test" time="6.585"/>
  <system-out/>
</testsuite> <!-- Test.Test_Nokia_filter -->
