<?xml version="1.0" encoding="UTF-8"?>
<!-- Generated by org.testng.reporters.JUnitReportReporter -->
<testsuite hostname="DESKTOP-I50HTAN" failures="0" tests="13" name="Test.Test_Stemex_Application_Creation_forms_validation_test" time="7156.366" errors="0" timestamp="2022-10-11T11:19:42 PKT" skipped="0">
  <testcase classname="Test.Test_Stemex_Application_Creation_forms_validation_test" name="App_Create_Test_forms_Single_Section" time="58.234"/>
  <system-out/>
  <testcase classname="Test.Test_Stemex_Application_Creation_forms_validation_test" name="App_short_text_validation_test_min_length" time="2.730"/>
  <system-out/>
  <testcase classname="Test.Test_Stemex_Application_Creation_forms_validation_test" name="Email_Test_Validation" time="0.651"/>
  <system-out/>
  <testcase classname="Test.Test_Stemex_Application_Creation_forms_validation_test" name="read_only_field_test_Single_Section" time="0.013"/>
  <system-out/>
  <testcase classname="Test.Test_Stemex_Application_Creation_forms_validation_test" name="calendar_today_date_test_Single_Section" time="9.157"/>
  <system-out/>
  <testcase classname="Test.Test_Stemex_Application_Creation_forms_validation_test" name="default_date_test_Single_Section" time="8.142"/>
  <system-out/>
  <testcase classname="Test.Test_Stemex_Application_Creation_forms_validation_test" name="Hint_Icon_test_Single_Section" time="0.039"/>
  <system-out/>
  <testcase classname="Test.Test_Stemex_Application_Creation_forms_validation_test" name="Min_Max_Test_Single_Section" time="8.295"/>
  <system-out/>
  <testcase classname="Test.Test_Stemex_Application_Creation_forms_validation_test" name="Phone_number_Test_Single_Section" time="0.154"/>
  <system-out/>
  <testcase classname="Test.Test_Stemex_Application_Creation_forms_validation_test" name="attachment_Test_Single_Section" time="19.281"/>
  <system-out/>
  <testcase classname="Test.Test_Stemex_Application_Creation_forms_validation_test" name="Image_attachment_Test_Single_Section" time="27.359"/>
  <system-out/>
  <testcase classname="Test.Test_Stemex_Application_Creation_forms_validation_test" name="Rating_Test_Single_Section" time="19.221"/>
  <system-out/>
  <testcase classname="Test.Test_Stemex_Application_Creation_forms_validation_test" name="Currency_Test_Single_Section" time="7003.090"/>
  <system-out/>
</testsuite> <!-- Test.Test_Stemex_Application_Creation_forms_validation_test -->
