<?xml version="1.0" encoding="UTF-8"?>
<!-- Generated by org.testng.reporters.JUnitReportReporter -->
<testsuite hostname="DESKTOP-I50HTAN" failures="0" tests="2" name="Test.Test_Stemex_Application_Creation_with_stage2_rejected2" time="207.957" errors="0" timestamp="2022-10-07T13:55:08 PKT" skipped="0">
  <testcase classname="Test.Test_Stemex_Application_Creation_with_stage2_rejected2" name="App_Create_stage_Test" time="196.825"/>
  <system-out/>
  <testcase classname="Test.Test_Stemex_Application_Creation_with_stage2_rejected2" name="App_Create_verify_stage2_rejected" time="11.132"/>
  <system-out/>
</testsuite> <!-- Test.Test_Stemex_Application_Creation_with_stage2_rejected2 -->
