<?xml version="1.0" encoding="UTF-8"?>
<!-- Generated by org.testng.reporters.JUnitReportReporter -->
<testsuite hostname="DESKTOP-I50HTAN" failures="0" tests="2" name="Test.Test_Log_In_Stemex" time="8.265" errors="0" timestamp="2022-09-21T10:36:28 PKT" skipped="0">
  <testcase classname="Test.Test_Log_In_Stemex" name="Test_Stemex_Log_In_with_wrong_credentials" time="1.522"/>
  <system-out/>
  <testcase classname="Test.Test_Log_In_Stemex" name="Test_Stemex_Log_In" time="6.743"/>
  <system-out/>
</testsuite> <!-- Test.Test_Log_In_Stemex -->
