<?xml version="1.0" encoding="UTF-8"?>
<!-- Generated by org.testng.reporters.JUnitReportReporter -->
<testsuite hostname="DESKTOP-I50HTAN" failures="0" tests="1" name="Test.Test_Stemex_Application_Creation" time="126.914" errors="0" timestamp="2022-10-27T08:57:32 PKT" skipped="0">
  <testcase classname="Test.Test_Stemex_Application_Creation" name="App_Create_Test" time="126.914"/>
  <system-out/>
</testsuite> <!-- Test.Test_Stemex_Application_Creation -->
