<?xml version="1.0" encoding="UTF-8"?>
<!-- Generated by org.testng.reporters.JUnitReportReporter -->
<testsuite hostname="DESKTOP-I50HTAN" failures="0" tests="18" name="Test.Test_Stemex_Application_Creation_forms_submit_test2" time="98.529" errors="0" timestamp="2022-10-19T08:17:38 PKT" skipped="1">
  <testcase classname="Test.Test_Stemex_Application_Creation_forms_submit_test2" name="App_Create_Test_forms_Single_Section" time="47.304"/>
  <system-out/>
  <testcase classname="Test.Test_Stemex_Application_Creation_forms_submit_test2" name="App_Test_Add_Multi_Sections" time="14.230"/>
  <system-out/>
  <testcase classname="Test.Test_Stemex_Application_Creation_forms_submit_test2" name="App_date_fill_fields" time="8.191"/>
  <system-out/>
  <testcase classname="Test.Test_Stemex_Application_Creation_forms_submit_test2" name="App_short_text_sending_data_in_all_fields" time="10.244"/>
  <system-out/>
  <testcase classname="Test.Test_Stemex_Application_Creation_forms_submit_test2" name="App_email_text_sending_data_in_all_fields" time="0.776"/>
  <system-out/>
  <testcase classname="Test.Test_Stemex_Application_Creation_forms_submit_test2" name="App_Long_text_sending_data_in_all_fields" time="0.314"/>
  <system-out/>
  <testcase classname="Test.Test_Stemex_Application_Creation_forms_submit_test2" name="App_Long_text_sending_data_in_all_random_number_fields" time="0.119"/>
  <system-out/>
  <testcase classname="Test.Test_Stemex_Application_Creation_forms_submit_test2" name="App_Phone_number_sending_data_in_all_random_number_fields" time="0.388"/>
  <system-out/>
  <testcase classname="Test.Test_Stemex_Application_Creation_forms_submit_test2" name="App_Money_sending_into_fields" time="0.256"/>
  <system-out/>
  <testcase classname="Test.Test_Stemex_Application_Creation_forms_submit_test2" name="App_link_sending_into_fields" time="0.281"/>
  <system-out/>
  <testcase classname="Test.Test_Stemex_Application_Creation_forms_submit_test2" name="App_date_time" time="0.734"/>
  <system-out/>
  <testcase classname="Test.Test_Stemex_Application_Creation_forms_submit_test2" name="App_Test_Rating" time="0.002"/>
  <system-out/>
  <testcase classname="Test.Test_Stemex_Application_Creation_forms_submit_test2" name="App_Test_Look_Fields" time="0.307"/>
  <system-out/>
  <testcase classname="Test.Test_Stemex_Application_Creation_forms_submit_test2" name="App_Test_Attachment_uploads" time="0.016"/>
  <system-out/>
  <testcase classname="Test.Test_Stemex_Application_Creation_forms_submit_test2" name="App_Test_Image_uploads" time="0.007"/>
  <system-out/>
  <testcase classname="Test.Test_Stemex_Application_Creation_forms_submit_test2" name="App_Test_Gallery_uploads" time="0.022"/>
  <system-out/>
  <testcase classname="Test.Test_Stemex_Application_Creation_forms_submit_test2" name="App_Test_Verify_all_the_submitted_fields" time="15.338"/>
  <system-out/>
  <testcase classname="Test.Test_Stemex_Application_Creation_forms_submit_test2" name="App_price_sending_into_fields">
    <skipped/>
  </testcase> <!-- App_price_sending_into_fields -->
  <system-out/>
</testsuite> <!-- Test.Test_Stemex_Application_Creation_forms_submit_test2 -->
