<?xml version="1.0" encoding="UTF-8"?>
<!-- Generated by org.testng.reporters.JUnitReportReporter -->
<testsuite hostname="DESKTOP-IAAVLR2" failures="0" tests="1" name="Test.Test_Stemex_Search_Filters" time="139.434" errors="0" timestamp="2022-07-19T09:04:17 PKT" skipped="0">
  <testcase classname="Test.Test_Stemex_Search_Filters" name="Stemp_Ex_Search_Test" time="139.434"/>
  <system-out/>
</testsuite> <!-- Test.Test_Stemex_Search_Filters -->
