<?xml version="1.0" encoding="UTF-8"?>
<!-- Generated by org.testng.reporters.JUnitReportReporter -->
<testsuite hostname="DESKTOP-I50HTAN" failures="0" tests="1" name="Test.Test_Stemex_Search_Defination_randomly" time="37.066" errors="0" timestamp="2022-09-01T09:43:13 PKT" skipped="0">
  <testcase classname="Test.Test_Stemex_Search_Defination_randomly" name="defination_select_randomly" time="37.066"/>
  <system-out/>
</testsuite> <!-- Test.Test_Stemex_Search_Defination_randomly -->
