<?xml version="1.0" encoding="UTF-8"?>
<!-- Generated by org.testng.reporters.JUnitReportReporter -->
<testsuite hostname="DESKTOP-IAAVLR2" failures="0" tests="1" name="Test.Test_Login" time="10.187" errors="0" timestamp="2022-07-06T13:10:32 PKT" skipped="0">
  <testcase classname="Test.Test_Login" name="login_test" time="10.187"/>
  <system-out/>
</testsuite> <!-- Test.Test_Login -->
