<?xml version="1.0" encoding="UTF-8"?>
<!-- Generated by org.testng.reporters.JUnitReportReporter -->
<testsuite hostname="DESKTOP-I50HTAN" failures="0" tests="8" name="Test.Test_Stemex_Application_Creation_forms_test_1" time="562.300" errors="0" timestamp="2022-09-27T15:32:53 PKT" skipped="0">
  <testcase classname="Test.Test_Stemex_Application_Creation_forms_test_1" name="App_Create_Test_forms_Single_Section" time="49.235"/>
  <system-out/>
  <testcase classname="Test.Test_Stemex_Application_Creation_forms_test_1" name="App_short_text_legth_test_Single_Section" time="1.421"/>
  <system-out/>
  <testcase classname="Test.Test_Stemex_Application_Creation_forms_test_1" name="required_field_test_Single_Section" time="0.253"/>
  <system-out/>
  <testcase classname="Test.Test_Stemex_Application_Creation_forms_test_1" name="read_only_field_test_Single_Section" time="0.034"/>
  <system-out/>
  <testcase classname="Test.Test_Stemex_Application_Creation_forms_test_1" name="calendar_today_date_test_Single_Section" time="10.894"/>
  <system-out/>
  <testcase classname="Test.Test_Stemex_Application_Creation_forms_test_1" name="default_date_test_Single_Section" time="0.068"/>
  <system-out/>
  <testcase classname="Test.Test_Stemex_Application_Creation_forms_test_1" name="Hint_Icon_test_Single_Section" time="0.082"/>
  <system-out/>
  <testcase classname="Test.Test_Stemex_Application_Creation_forms_test_1" name="Min_Max_Test_Single_Section" time="500.313"/>
  <system-out/>
</testsuite> <!-- Test.Test_Stemex_Application_Creation_forms_test_1 -->
