<?xml version="1.0" encoding="UTF-8"?>
<!-- Generated by org.testng.reporters.JUnitReportReporter -->
<testsuite hostname="DESKTOP-I50HTAN" failures="0" tests="18" name="Test.Test_Stemex_Application_Creation_forms_required_validation" time="73.328" errors="0" timestamp="2022-10-19T08:17:38 PKT" skipped="1">
  <testcase classname="Test.Test_Stemex_Application_Creation_forms_required_validation" name="App_Create_Test_forms_Single_Section" time="70.397"/>
  <system-out/>
  <testcase classname="Test.Test_Stemex_Application_Creation_forms_required_validation" name="App_Test_Add_Multi_Sections_Required_Validation" time="0.012"/>
  <system-out/>
  <testcase classname="Test.Test_Stemex_Application_Creation_forms_required_validation" name="App_date_fill_fields_Required_Validation" time="1.429"/>
  <system-out/>
  <testcase classname="Test.Test_Stemex_Application_Creation_forms_required_validation" name="App_short_text_sending_data_in_all_fields_Required_Validation" time="0.184"/>
  <system-out/>
  <testcase classname="Test.Test_Stemex_Application_Creation_forms_required_validation" name="App_email_text_sending_data_in_all_fields_Required_Validation" time="0.183"/>
  <system-out/>
  <testcase classname="Test.Test_Stemex_Application_Creation_forms_required_validation" name="App_Long_text_sending_data_in_all_fields_Required_Validation" time="0.123"/>
  <system-out/>
  <testcase classname="Test.Test_Stemex_Application_Creation_forms_required_validation" name="App_Long_text_sending_data_in_all_random_number_fields_Required_Validation" time="0.115"/>
  <system-out/>
  <testcase classname="Test.Test_Stemex_Application_Creation_forms_required_validation" name="App_Phone_number_sending_data_in_all_random_number_fields_Required_Validation" time="0.105"/>
  <system-out/>
  <testcase classname="Test.Test_Stemex_Application_Creation_forms_required_validation" name="App_Money_sending_into_fields_Required_Validation" time="0.105"/>
  <system-out/>
  <testcase classname="Test.Test_Stemex_Application_Creation_forms_required_validation" name="App_link_sending_into_fields_Required_Validation" time="0.126"/>
  <system-out/>
  <testcase classname="Test.Test_Stemex_Application_Creation_forms_required_validation" name="App_date_time_Required_Validation" time="0.206"/>
  <system-out/>
  <testcase classname="Test.Test_Stemex_Application_Creation_forms_required_validation" name="App_Test_Rating_Required_Validation" time="0.004"/>
  <system-out/>
  <testcase classname="Test.Test_Stemex_Application_Creation_forms_required_validation" name="App_Test_Look_Fields_Required_Validation" time="0.223"/>
  <system-out/>
  <testcase classname="Test.Test_Stemex_Application_Creation_forms_required_validation" name="App_Test_Attachment_uploads_Required_Validation" time="0.030"/>
  <system-out/>
  <testcase classname="Test.Test_Stemex_Application_Creation_forms_required_validation" name="App_Test_Image_uploads_Required_Validation" time="0.027"/>
  <system-out/>
  <testcase classname="Test.Test_Stemex_Application_Creation_forms_required_validation" name="App_Test_Gallery_uploads_Required_Validation" time="0.038"/>
  <system-out/>
  <testcase classname="Test.Test_Stemex_Application_Creation_forms_required_validation" name="App_Test_Verify_all_the_submitted_fields_Required_Validation" time="0.021"/>
  <system-out/>
  <testcase classname="Test.Test_Stemex_Application_Creation_forms_required_validation" name="App_price_sending_into_fields_Required_Validation">
    <skipped/>
  </testcase> <!-- App_price_sending_into_fields_Required_Validation -->
  <system-out/>
</testsuite> <!-- Test.Test_Stemex_Application_Creation_forms_required_validation -->
